TN:
SF:/Users/philippe/Dev/roche/restify-boilerplate/src/server.js
FN:9,(anonymous_0)
FN:14,(anonymous_1)
FNF:2
FNH:2
FNDA:2,(anonymous_0)
FNDA:2,(anonymous_1)
DA:1,2
DA:2,2
DA:4,2
DA:6,2
DA:8,2
DA:9,2
DA:10,2
DA:14,2
DA:15,2
DA:16,2
DA:17,2
DA:22,0
DA:25,2
LF:13
LH:12
BRF:0
BRH:0
end_of_record
TN:
SF:/Users/philippe/Dev/roche/restify-boilerplate/src/controllers/testController.js
FN:1,(anonymous_0)
FN:4,respond
FNF:2
FNH:2
FNDA:2,(anonymous_0)
FNDA:3,respond
DA:1,2
DA:4,2
DA:5,3
DA:6,3
DA:7,2
DA:9,1
DA:10,1
DA:15,2
LF:8
LH:8
BRDA:6,0,0,2
BRDA:6,0,1,1
BRF:2
BRH:2
end_of_record
TN:
SF:/Users/philippe/Dev/roche/restify-boilerplate/src/routes/index.js
FN:4,(anonymous_0)
FNF:1
FNH:1
FNDA:2,(anonymous_0)
DA:1,2
DA:2,2
DA:4,2
DA:5,2
LF:4
LH:4
BRF:0
BRH:0
end_of_record
